Log file begins
RD1: xxxxxxxx, RD2: xxxxxxxx -->                    0
RD1: 00000000, RD2: 00000000 -->                80000
RD1: 00000000, RD2: 00000001 -->               160000
RD1: 00000020, RD2: 00000001 -->              1400000
RD1: 00000002, RD2: 00000003 -->              1440000
RD1: 00000004, RD2: 00000005 -->              1480000
RD1: 00000006, RD2: 00000007 -->              1520000
RD1: 00000008, RD2: 00000009 -->              1560000
RD1: 0000000a, RD2: 0000000b -->              1600000
RD1: 0000000c, RD2: 0000000d -->              1640000
RD1: 0000000e, RD2: 0000000f -->              1680000
RD1: 00000010, RD2: 00000011 -->              1720000
RD1: 00000012, RD2: 00000013 -->              1760000
RD1: 00000014, RD2: 00000015 -->              1800000
RD1: 00000016, RD2: 00000017 -->              1840000
RD1: 00000018, RD2: 00000019 -->              1880000
RD1: 0000001a, RD2: 0000001b -->              1920000
RD1: 0000001c, RD2: 0000001d -->              1960000
RD1: 0000001e, RD2: 0000001f -->              2000000
